<?xml version="1.0" encoding="UTF-8"?>
<TestRun id="9a719745-e24b-4c67-8968-d7d3fbd8cdab" name="Wei@PKU-AAF96026023 2020-11-08 19:18:56" runUser="PKU-AAF96026023\Wei" xmlns="http://microsoft.com/schemas/VisualStudio/TeamTest/2010">
  <TestSettings name="Local Test Run" id="182bb8b1-9d2b-40bc-b28f-8b13ae0c156d">
    <Description>This is a default test run configuration for a local test run.</Description>
    <Deployment runDeploymentRoot="Wei_PKU-AAF96026023 2020-11-08 19_18_56">
      <DeploymentItem filename="C:\Documents and Settings\Wei\桌面\moda_cs527\Lib\Antlr3.Runtime.dll" />
      <DeploymentItem filename="C:\Documents and Settings\Wei\桌面\moda_cs527\MockDBMS\bin\Release\MockDBMS.dll" />
    </Deployment>
    <Execution>
      <TestTypeSpecific />
      <AgentRule name="Execution Agents">
      </AgentRule>
    </Execution>
  </TestSettings>
  <Times creation="2020-11-08T19:18:56.9884089+08:00" queuing="2020-11-08T19:18:58.5135194+08:00" start="2020-11-08T19:18:58.6628170+08:00" finish="2020-11-08T19:19:00.4263949+08:00" />
  <ResultSummary outcome="Completed">
    <Counters total="4" executed="4" passed="4" error="0" failed="0" timeout="0" aborted="0" inconclusive="0" passedButRunAborted="0" notRunnable="0" notExecuted="0" disconnected="0" warning="0" completed="0" inProgress="0" pending="0" />
  </ResultSummary>
  <TestDefinitions>
    <UnitTest name="testTest" storage="c:\documents and settings\wei\桌面\moda_cs527\testdbapp\bin\release\testdbapp.dll" id="00f220a2-f150-dde3-376d-fefb289ba9b9">
      <Execution id="81eb889b-7e61-4ba7-909a-822382d1edab" />
      <TestMethod codeBase="C:/Documents and Settings/Wei/桌面/moda_cs527/TestDBApp/bin/Release/TestDBApp.DLL" adapterTypeName="Microsoft.VisualStudio.TestTools.TestTypes.Unit.UnitTestAdapter, Microsoft.VisualStudio.QualityTools.Tips.UnitTest.Adapter, Version=10.0.0.0, Culture=neutral, PublicKeyToken=b03f5f7f11d50a3a" className="TestDBApp.PexTestClassTest, TestDBApp, Version=1.0.0.0, Culture=neutral, PublicKeyToken=null" name="testTest" />
    </UnitTest>
    <UnitTest name="TestMain" storage="c:\documents and settings\wei\桌面\moda_cs527\testdbapp\bin\release\testdbapp.dll" id="467bbc26-d123-8fe0-f79e-4acbdff39ad4">
      <Execution id="2cfd903a-aef4-462e-882a-1fb508355fa3" />
      <TestMethod codeBase="C:/Documents and Settings/Wei/桌面/moda_cs527/TestDBApp/bin/Release/TestDBApp.DLL" adapterTypeName="Microsoft.VisualStudio.TestTools.TestTypes.Unit.UnitTestAdapter, Microsoft.VisualStudio.QualityTools.Tips.UnitTest.Adapter, Version=10.0.0.0, Culture=neutral, PublicKeyToken=b03f5f7f11d50a3a" className="MyApplication.PexTestClass, TestDBApp, Version=1.0.0.0, Culture=neutral, PublicKeyToken=null" name="TestMain" />
    </UnitTest>
    <UnitTest name="testExample" storage="c:\documents and settings\wei\桌面\moda_cs527\testdbapp\bin\release\testdbapp.dll" id="861209ae-ecf9-51bf-5f5b-72ef591bb0e3">
      <Execution id="fba6388f-b1e1-416a-a9a2-99346b48d230" />
      <TestMethod codeBase="C:/Documents and Settings/Wei/桌面/moda_cs527/TestDBApp/bin/Release/TestDBApp.DLL" adapterTypeName="Microsoft.VisualStudio.TestTools.TestTypes.Unit.UnitTestAdapter, Microsoft.VisualStudio.QualityTools.Tips.UnitTest.Adapter, Version=10.0.0.0, Culture=neutral, PublicKeyToken=b03f5f7f11d50a3a" className="TestDBApp.PexTestClassTest, TestDBApp, Version=1.0.0.0, Culture=neutral, PublicKeyToken=null" name="testExample" />
    </UnitTest>
    <UnitTest name="testMe" storage="c:\documents and settings\wei\桌面\moda_cs527\testdbapp\bin\release\testdbapp.dll" id="e77281f7-102b-058d-de4c-d076845bcac1">
      <Execution id="642f9690-2c1c-4b78-bd2b-11cd92eaf903" />
      <TestMethod codeBase="C:/Documents and Settings/Wei/桌面/moda_cs527/TestDBApp/bin/Release/TestDBApp.DLL" adapterTypeName="Microsoft.VisualStudio.TestTools.TestTypes.Unit.UnitTestAdapter, Microsoft.VisualStudio.QualityTools.Tips.UnitTest.Adapter, Version=10.0.0.0, Culture=neutral, PublicKeyToken=b03f5f7f11d50a3a" className="MyApplication.PexTestClass, TestDBApp, Version=1.0.0.0, Culture=neutral, PublicKeyToken=null" name="testMe" />
    </UnitTest>
  </TestDefinitions>
  <TestLists>
    <TestList name="列表中未列出的结果" id="8c84fa94-04c1-424b-9868-57a2d4851a1d" />
    <TestList name="所有已加载的结果" id="19431567-8539-422a-85d7-44ee4e166bda" />
  </TestLists>
  <TestEntries>
    <TestEntry testId="467bbc26-d123-8fe0-f79e-4acbdff39ad4" executionId="2cfd903a-aef4-462e-882a-1fb508355fa3" testListId="8c84fa94-04c1-424b-9868-57a2d4851a1d" />
    <TestEntry testId="e77281f7-102b-058d-de4c-d076845bcac1" executionId="642f9690-2c1c-4b78-bd2b-11cd92eaf903" testListId="8c84fa94-04c1-424b-9868-57a2d4851a1d" />
    <TestEntry testId="861209ae-ecf9-51bf-5f5b-72ef591bb0e3" executionId="fba6388f-b1e1-416a-a9a2-99346b48d230" testListId="8c84fa94-04c1-424b-9868-57a2d4851a1d" />
    <TestEntry testId="00f220a2-f150-dde3-376d-fefb289ba9b9" executionId="81eb889b-7e61-4ba7-909a-822382d1edab" testListId="8c84fa94-04c1-424b-9868-57a2d4851a1d" />
  </TestEntries>
  <Results>
    <UnitTestResult executionId="2cfd903a-aef4-462e-882a-1fb508355fa3" testId="467bbc26-d123-8fe0-f79e-4acbdff39ad4" testName="TestMain" computerName="PKU-AAF96026023" duration="00:00:00.1838236" startTime="2020-11-08T19:18:58.8121146+08:00" endTime="2020-11-08T19:18:59.7918801+08:00" testType="13cdc9d9-ddb5-4fa4-a97d-d965ccfc6d4b" outcome="Passed" testListId="8c84fa94-04c1-424b-9868-57a2d4851a1d" relativeResultsDirectory="2cfd903a-aef4-462e-882a-1fb508355fa3">
      <Output>
        <StdOut>Table : persons
Table : lastname
Table : "Smith"</StdOut>
      </Output>
    </UnitTestResult>
    <UnitTestResult executionId="642f9690-2c1c-4b78-bd2b-11cd92eaf903" testId="e77281f7-102b-058d-de4c-d076845bcac1" testName="testMe" computerName="PKU-AAF96026023" duration="00:00:00.0211761" startTime="2020-11-08T19:18:59.8012112+08:00" endTime="2020-11-08T19:18:59.8385356+08:00" testType="13cdc9d9-ddb5-4fa4-a97d-d965ccfc6d4b" outcome="Passed" testListId="8c84fa94-04c1-424b-9868-57a2d4851a1d" relativeResultsDirectory="642f9690-2c1c-4b78-bd2b-11cd92eaf903">
      <Output>
        <StdOut>Table : firstname
Table : x
Table : persons
WHERE
Table : lastname</StdOut>
      </Output>
    </UnitTestResult>
    <UnitTestResult executionId="fba6388f-b1e1-416a-a9a2-99346b48d230" testId="861209ae-ecf9-51bf-5f5b-72ef591bb0e3" testName="testExample" computerName="PKU-AAF96026023" duration="00:00:00.0004313" startTime="2020-11-08T19:18:59.8478667+08:00" endTime="2020-11-08T19:18:59.8571978+08:00" testType="13cdc9d9-ddb5-4fa4-a97d-d965ccfc6d4b" outcome="Passed" testListId="8c84fa94-04c1-424b-9868-57a2d4851a1d" relativeResultsDirectory="fba6388f-b1e1-416a-a9a2-99346b48d230">
      <Output>
        <StdOut>Table : persons
Table : lastname
Table : "Smith"</StdOut>
      </Output>
    </UnitTestResult>
    <UnitTestResult executionId="81eb889b-7e61-4ba7-909a-822382d1edab" testId="00f220a2-f150-dde3-376d-fefb289ba9b9" testName="testTest" computerName="PKU-AAF96026023" duration="00:00:00.0003274" startTime="2020-11-08T19:18:59.8665289+08:00" endTime="2020-11-08T19:18:59.8758600+08:00" testType="13cdc9d9-ddb5-4fa4-a97d-d965ccfc6d4b" outcome="Passed" testListId="8c84fa94-04c1-424b-9868-57a2d4851a1d" relativeResultsDirectory="81eb889b-7e61-4ba7-909a-822382d1edab">
      <Output>
        <StdOut>Table : persons
Table : lastname
Table : "Smith"</StdOut>
      </Output>
    </UnitTestResult>
  </Results>
</TestRun>